Performing C++ SOURCE FILE Test COMPILER_SUPPORT_wd981 failed with the following output:
Change Dir: /home/benjamin/my_libs/EIGEN/builddir/CMakeFiles/CMakeTmp

Run Build Command:/usr/bin/make "cmTryCompileExec2649770671/fast"
/usr/bin/make -f CMakeFiles/cmTryCompileExec2649770671.dir/build.make CMakeFiles/cmTryCompileExec2649770671.dir/build
make[1]: Entering directory `/home/benjamin/my_libs/EIGEN/builddir/CMakeFiles/CMakeTmp'
/usr/bin/cmake -E cmake_progress_report /home/benjamin/my_libs/EIGEN/builddir/CMakeFiles/CMakeTmp/CMakeFiles 1
Building CXX object CMakeFiles/cmTryCompileExec2649770671.dir/src.cxx.o
/usr/bin/c++    -fexceptions -pedantic -Wall -Wextra -Wundef -Wcast-align -Wchar-subscripts -Wnon-virtual-dtor -Wunused-local-typedefs -Wpointer-arith -Wwrite-strings -Wformat-security -Wno-psabi -Wno-variadic-macros -Wno-long-long -fno-check-new -fno-common -fstrict-aliasing -DCOMPILER_SUPPORT_wd981 -Werror   -wd981 -o CMakeFiles/cmTryCompileExec2649770671.dir/src.cxx.o -c /home/benjamin/my_libs/EIGEN/builddir/CMakeFiles/CMakeTmp/src.cxx
c++: error: unrecognized command line option '-wd981'
make[1]: Leaving directory `/home/benjamin/my_libs/EIGEN/builddir/CMakeFiles/CMakeTmp'
make[1]: *** [CMakeFiles/cmTryCompileExec2649770671.dir/src.cxx.o] Error 1
make: *** [cmTryCompileExec2649770671/fast] Error 2

Source file was:
int main() { return 0;}
Performing C++ SOURCE FILE Test COMPILER_SUPPORT_wd2304 failed with the following output:
Change Dir: /home/benjamin/my_libs/EIGEN/builddir/CMakeFiles/CMakeTmp

Run Build Command:/usr/bin/make "cmTryCompileExec1035672768/fast"
/usr/bin/make -f CMakeFiles/cmTryCompileExec1035672768.dir/build.make CMakeFiles/cmTryCompileExec1035672768.dir/build
make[1]: Entering directory `/home/benjamin/my_libs/EIGEN/builddir/CMakeFiles/CMakeTmp'
/usr/bin/cmake -E cmake_progress_report /home/benjamin/my_libs/EIGEN/builddir/CMakeFiles/CMakeTmp/CMakeFiles 1
Building CXX object CMakeFiles/cmTryCompileExec1035672768.dir/src.cxx.o
/usr/bin/c++    -fexceptions -pedantic -Wall -Wextra -Wundef -Wcast-align -Wchar-subscripts -Wnon-virtual-dtor -Wunused-local-typedefs -Wpointer-arith -Wwrite-strings -Wformat-security -Wno-psabi -Wno-variadic-macros -Wno-long-long -fno-check-new -fno-common -fstrict-aliasing -DCOMPILER_SUPPORT_wd2304 -Werror   -wd2304 -o CMakeFiles/cmTryCompileExec1035672768.dir/src.cxx.o -c /home/benjamin/my_libs/EIGEN/builddir/CMakeFiles/CMakeTmp/src.cxx
c++: error: unrecognized command line option '-wd2304'
make[1]: *** [CMakeFiles/cmTryCompileExec1035672768.dir/src.cxx.o] Error 1
make[1]: Leaving directory `/home/benjamin/my_libs/EIGEN/builddir/CMakeFiles/CMakeTmp'
make: *** [cmTryCompileExec1035672768/fast] Error 2

Source file was:
int main() { return 0;}
Performing C++ SOURCE FILE Test COMPILER_SUPPORT_STRICTANSI failed with the following output:
Change Dir: /home/benjamin/my_libs/EIGEN/builddir/CMakeFiles/CMakeTmp

Run Build Command:/usr/bin/make "cmTryCompileExec4154212561/fast"
/usr/bin/make -f CMakeFiles/cmTryCompileExec4154212561.dir/build.make CMakeFiles/cmTryCompileExec4154212561.dir/build
make[1]: Entering directory `/home/benjamin/my_libs/EIGEN/builddir/CMakeFiles/CMakeTmp'
/usr/bin/cmake -E cmake_progress_report /home/benjamin/my_libs/EIGEN/builddir/CMakeFiles/CMakeTmp/CMakeFiles 1
Building CXX object CMakeFiles/cmTryCompileExec4154212561.dir/src.cxx.o
/usr/bin/c++    -fexceptions -pedantic -Wall -Wextra -Wundef -Wcast-align -Wchar-subscripts -Wnon-virtual-dtor -Wunused-local-typedefs -Wpointer-arith -Wwrite-strings -Wformat-security -Wno-psabi -Wno-variadic-macros -Wno-long-long -fno-check-new -fno-common -fstrict-aliasing -DCOMPILER_SUPPORT_STRICTANSI -Werror   -strict-ansi -o CMakeFiles/cmTryCompileExec4154212561.dir/src.cxx.o -c /home/benjamin/my_libs/EIGEN/builddir/CMakeFiles/CMakeTmp/src.cxx
c++: error: unrecognized command line option '-strict-ansi'
make[1]: *** [CMakeFiles/cmTryCompileExec4154212561.dir/src.cxx.o] Error 1
make[1]: Leaving directory `/home/benjamin/my_libs/EIGEN/builddir/CMakeFiles/CMakeTmp'
make: *** [cmTryCompileExec4154212561/fast] Error 2

Source file was:
int main() { return 0;}
Performing C++ SOURCE FILE Test COMPILER_SUPPORT_Qunusedarguments failed with the following output:
Change Dir: /home/benjamin/my_libs/EIGEN/builddir/CMakeFiles/CMakeTmp

Run Build Command:/usr/bin/make "cmTryCompileExec3864860942/fast"
/usr/bin/make -f CMakeFiles/cmTryCompileExec3864860942.dir/build.make CMakeFiles/cmTryCompileExec3864860942.dir/build
make[1]: Entering directory `/home/benjamin/my_libs/EIGEN/builddir/CMakeFiles/CMakeTmp'
/usr/bin/cmake -E cmake_progress_report /home/benjamin/my_libs/EIGEN/builddir/CMakeFiles/CMakeTmp/CMakeFiles 1
Building CXX object CMakeFiles/cmTryCompileExec3864860942.dir/src.cxx.o
/usr/bin/c++    -fexceptions -pedantic -Wall -Wextra -Wundef -Wcast-align -Wchar-subscripts -Wnon-virtual-dtor -Wunused-local-typedefs -Wpointer-arith -Wwrite-strings -Wformat-security -Wno-psabi -Wno-variadic-macros -Wno-long-long -fno-check-new -fno-common -fstrict-aliasing -DCOMPILER_SUPPORT_Qunusedarguments -Werror   -Qunused-arguments -o CMakeFiles/cmTryCompileExec3864860942.dir/src.cxx.o -c /home/benjamin/my_libs/EIGEN/builddir/CMakeFiles/CMakeTmp/src.cxx
c++: error: unrecognized command line option '-Qunused-arguments'
make[1]: *** [CMakeFiles/cmTryCompileExec3864860942.dir/src.cxx.o] Error 1
make[1]: Leaving directory `/home/benjamin/my_libs/EIGEN/builddir/CMakeFiles/CMakeTmp'
make: *** [cmTryCompileExec3864860942/fast] Error 2

Source file was:
int main() { return 0;}
